<?xml version="1.0" encoding="UTF-8"?>
<!-- Generated by org.testng.reporters.JUnitReportReporter -->
<testsuite hostname="DESKTOP-4BH40TL" failures="0" tests="1" name="test.LoginTest" time="21.280" errors="0" timestamp="2025-07-03T18:24:28 IST" skipped="0">
  <testcase classname="test.LoginTest" name="testValidLogin" time="21.280"/>
</testsuite> <!-- test.LoginTest -->
